Flow report for Sequence_detector
Sat Mar 25 08:29:25 2023
Quartus II Version 9.1 Build 350 03/24/2010 Service Pack 2 SJ Web Edition


---------------------
; Table of Contents ;
---------------------
  1. Legal Notice
  2. Flow Summary
  3. Flow Settings
  4. Flow Non-Default Global Settings
  5. Flow Elapsed Time
  6. Flow OS Summary
  7. Flow Log



----------------
; Legal Notice ;
----------------
Copyright (C) 1991-2010 Altera Corporation
Your use of Altera Corporation's design tools, logic functions 
and other software and tools, and its AMPP partner logic 
functions, and any output files from any of the foregoing 
(including device programming or simulation files), and any 
associated documentation or information are expressly subject 
to the terms and conditions of the Altera Program License 
Subscription Agreement, Altera MegaCore Function License 
Agreement, or other applicable license agreement, including, 
without limitation, that your use is for the sole purpose of 
programming logic devices manufactured by Altera and sold by 
Altera or its authorized distributors.  Please refer to the 
applicable agreement for further details.



+-----------------------------------------------------------------------------------+
; Flow Summary                                                                      ;
+------------------------------------+----------------------------------------------+
; Flow Status                        ; Successful - Sat Mar 25 08:29:25 2023        ;
; Quartus II Version                 ; 9.1 Build 350 03/24/2010 SP 2 SJ Web Edition ;
; Revision Name                      ; Sequence_detector                            ;
; Top-level Entity Name              ; Sequence_detector                            ;
; Family                             ; Cyclone III                                  ;
; Device                             ; EP3C16F484C6                                 ;
; Timing Models                      ; Final                                        ;
; Met timing requirements            ; N/A                                          ;
; Total logic elements               ; 7 / 15,408 ( < 1 % )                         ;
;     Total combinational functions  ; 3 / 15,408 ( < 1 % )                         ;
;     Dedicated logic registers      ; 7 / 15,408 ( < 1 % )                         ;
; Total registers                    ; 7                                            ;
; Total pins                         ; 7 / 347 ( 2 % )                              ;
; Total virtual pins                 ; 0                                            ;
; Total memory bits                  ; 0 / 516,096 ( 0 % )                          ;
; Embedded Multiplier 9-bit elements ; 0 / 112 ( 0 % )                              ;
; Total PLLs                         ; 0 / 4 ( 0 % )                                ;
+------------------------------------+----------------------------------------------+


+-----------------------------------------+
; Flow Settings                           ;
+-------------------+---------------------+
; Option            ; Setting             ;
+-------------------+---------------------+
; Start date & time ; 03/25/2023 08:29:16 ;
; Main task         ; Compilation         ;
; Revision Name     ; Sequence_detector   ;
+-------------------+---------------------+


+------------------------------------------------------------------------------------------------------------------------------------------------------------+
; Flow Non-Default Global Settings                                                                                                                           ;
+------------------------------------+------------------------------------------------------------------------+---------------+-------------+----------------+
; Assignment Name                    ; Value                                                                  ; Default Value ; Entity Name ; Section Id     ;
+------------------------------------+------------------------------------------------------------------------+---------------+-------------+----------------+
; COMPILER_SIGNATURE_ID              ; 159327867790218.167970415606356                                        ; --            ; --          ; --             ;
; EDA_OUTPUT_DATA_FORMAT             ; Verilog Hdl                                                            ; --            ; --          ; eda_simulation ;
; EDA_SIMULATION_TOOL                ; ModelSim-Altera (Verilog)                                              ; <None>        ; --          ; --             ;
; EDA_TIME_SCALE                     ; 1 ps                                                                   ; --            ; --          ; eda_simulation ;
; MAX_CORE_JUNCTION_TEMP             ; 85                                                                     ; --            ; --          ; --             ;
; MIN_CORE_JUNCTION_TEMP             ; 0                                                                      ; --            ; --          ; --             ;
; NOMINAL_CORE_SUPPLY_VOLTAGE        ; 1.2V                                                                   ; --            ; --          ; --             ;
; PARTITION_COLOR                    ; 16764057                                                               ; --            ; --          ; Top            ;
; PARTITION_NETLIST_TYPE             ; SOURCE                                                                 ; --            ; --          ; Top            ;
; SEARCH_PATH                        ; C:\Users\wilso\Documents\courses\1112\Digital Circuit\Lab3\full_adder/ ; --            ; --          ; --             ;
; USE_GENERATED_PHYSICAL_CONSTRAINTS ; Off                                                                    ; --            ; --          ; eda_blast_fpga ;
+------------------------------------+------------------------------------------------------------------------+---------------+-------------+----------------+


+-------------------------------------------------------------------------------------------------------------------------------+
; Flow Elapsed Time                                                                                                             ;
+---------------------------+--------------+-------------------------+---------------------+------------------------------------+
; Module Name               ; Elapsed Time ; Average Processors Used ; Peak Virtual Memory ; Total CPU Time (on all processors) ;
+---------------------------+--------------+-------------------------+---------------------+------------------------------------+
; Analysis & Synthesis      ; 00:00:01     ; 1.0                     ; 223 MB              ; 00:00:02                           ;
; Fitter                    ; 00:00:05     ; 1.0                     ; 295 MB              ; 00:00:05                           ;
; TimeQuest Timing Analyzer ; 00:00:01     ; 1.0                     ; 260 MB              ; 00:00:01                           ;
; Assembler                 ; 00:00:00     ; 1.0                     ; 237 MB              ; 00:00:01                           ;
; EDA Netlist Writer        ; 00:00:01     ; 1.0                     ; 191 MB              ; 00:00:01                           ;
; Total                     ; 00:00:08     ; --                      ; --                  ; 00:00:09                           ;
+---------------------------+--------------+-------------------------+---------------------+------------------------------------+


+--------------------------------------------------------------------------------------------+
; Flow OS Summary                                                                            ;
+---------------------------+------------------+---------------+------------+----------------+
; Module Name               ; Machine Hostname ; OS Name       ; OS Version ; Processor type ;
+---------------------------+------------------+---------------+------------+----------------+
; Analysis & Synthesis      ; LAPTOP-OC0C3NLS  ; Windows Vista ; 6.2        ; x86_64         ;
; Fitter                    ; LAPTOP-OC0C3NLS  ; Windows Vista ; 6.2        ; x86_64         ;
; Assembler                 ; LAPTOP-OC0C3NLS  ; Windows Vista ; 6.2        ; x86_64         ;
; TimeQuest Timing Analyzer ; LAPTOP-OC0C3NLS  ; Windows Vista ; 6.2        ; x86_64         ;
; EDA Netlist Writer        ; LAPTOP-OC0C3NLS  ; Windows Vista ; 6.2        ; x86_64         ;
+---------------------------+------------------+---------------+------------+----------------+


------------
; Flow Log ;
------------
quartus_map --read_settings_files=on --write_settings_files=off Sequence_detector -c Sequence_detector
quartus_fit --read_settings_files=off --write_settings_files=off Sequence_detector -c Sequence_detector
quartus_asm --read_settings_files=off --write_settings_files=off Sequence_detector -c Sequence_detector
quartus_sta Sequence_detector -c Sequence_detector
quartus_eda --read_settings_files=off --write_settings_files=off Sequence_detector -c Sequence_detector



